%!Adobe-FontList 1.18
%Locale:0x409

%BeginFont
Handler:DirectoryHandler
FontType:Invalid
OutlineFileName:\.DS_Store
FileLength:6148
FileModTime:1523924039
%EndFont

%BeginFont
Handler:DirectoryHandler
FontType:Invalid
OutlineFileName:\OFL.txt
FileLength:4482
FileModTime:1330473600
%EndFont

%BeginFont
Handler:DirectoryHandler
FontType:TrueType
FontName:Oswald-Bold
FamilyName:Oswald
StyleName:Bold
MenuName:Oswald
StyleBits:2
WeightClass:700
WidthClass:5
AngleClass:0
FullName:Oswald Bold
WritingScript:Roman
OutlineFileName:\Oswald-Bold.ttf
DataFormat:sfntData
hasSVG:no
FileLength:94272
FileModTime:1330473600
NameArray:0,Mac,4,Oswald Bold
NameArray:0,Win,1,Oswald
%EndFont

%BeginFont
Handler:DirectoryHandler
FontType:TrueType
FontName:Oswald-ExtraLight
FamilyName:Oswald
StyleName:ExtraLight
MenuName:Oswald ExtraLight
StyleBits:0
WeightClass:275
WidthClass:5
AngleClass:0
FullName:Oswald ExtraLight
WritingScript:Roman
OutlineFileName:\Oswald-ExtraLight.ttf
DataFormat:sfntData
hasSVG:no
FileLength:91112
FileModTime:1330473600
NameArray:0,Mac,4,Oswald ExtraLight
NameArray:0,Win,1,Oswald ExtraLight
NameArray:0,Win,16,Oswald
%EndFont

%BeginFont
Handler:DirectoryHandler
FontType:TrueType
FontName:Oswald-Light
FamilyName:Oswald
StyleName:Light
MenuName:Oswald Light
StyleBits:0
WeightClass:300
WidthClass:5
AngleClass:0
FullName:Oswald Light
WritingScript:Roman
OutlineFileName:\Oswald-Light.ttf
DataFormat:sfntData
hasSVG:no
FileLength:91664
FileModTime:1330473600
NameArray:0,Mac,4,Oswald Light
NameArray:0,Win,1,Oswald Light
NameArray:0,Win,16,Oswald
%EndFont

%BeginFont
Handler:DirectoryHandler
FontType:TrueType
FontName:Oswald-Medium
FamilyName:Oswald
StyleName:Medium
MenuName:Oswald Medium
StyleBits:0
WeightClass:500
WidthClass:5
AngleClass:0
FullName:Oswald Medium
WritingScript:Roman
OutlineFileName:\Oswald-Medium.ttf
DataFormat:sfntData
hasSVG:no
FileLength:94408
FileModTime:1330473600
NameArray:0,Mac,4,Oswald Medium
NameArray:0,Win,1,Oswald Medium
NameArray:0,Win,16,Oswald
%EndFont

%BeginFont
Handler:DirectoryHandler
FontType:TrueType
FontName:Oswald-Regular
FamilyName:Oswald
StyleName:Regular
MenuName:Oswald
StyleBits:0
WeightClass:400
WidthClass:5
AngleClass:0
FullName:Oswald Regular
WritingScript:Roman
OutlineFileName:\Oswald-Regular.ttf
DataFormat:sfntData
hasSVG:no
FileLength:93132
FileModTime:1330473600
NameArray:0,Mac,4,Oswald Regular
NameArray:0,Win,1,Oswald
%EndFont

%BeginFont
Handler:DirectoryHandler
FontType:TrueType
FontName:Oswald-SemiBold
FamilyName:Oswald
StyleName:SemiBold
MenuName:Oswald SemiBold
StyleBits:0
WeightClass:600
WidthClass:5
AngleClass:0
FullName:Oswald SemiBold
WritingScript:Roman
OutlineFileName:\Oswald-SemiBold.ttf
DataFormat:sfntData
hasSVG:no
FileLength:95272
FileModTime:1330473600
NameArray:0,Mac,4,Oswald SemiBold
NameArray:0,Win,1,Oswald SemiBold
NameArray:0,Win,16,Oswald
%EndFont

